# JRE version: OpenJDK Runtime Environment (8.0_171-b11) (build 1.8.0_171-8u171-b11-0ubuntu0.16.04.1-b11)
# Java VM: OpenJDK 64-Bit Server VM (25.171-b11 mixed mode linux-amd64 compressed oops)
Heap:
 PSYoungGen      total 108544K, used 7689K [0x00000000edd00000, 0x00000000f5c00000, 0x0000000100000000)
  eden space 92672K, 0% used [0x00000000edd00000,0x00000000edd00000,0x00000000f3780000)
  from space 15872K, 48% used [0x00000000f3780000,0x00000000f3f02678,0x00000000f4700000)
  to   space 15872K, 0% used [0x00000000f4700000,0x00000000f4700000,0x00000000f5680000)
 ParOldGen       total 49152K, used 39057K [0x00000000c9600000, 0x00000000cc600000, 0x00000000edd00000)
  object space 49152K, 79% used [0x00000000c9600000,0x00000000cbc24478,0x00000000cc600000)
 Metaspace       used 31495K, capacity 32424K, committed 32512K, reserved 1077248K
  class space    used 3523K, capacity 3776K, committed 3840K, reserved 1048576K
GC Heap History (10 events):
Event: 16.174 GC heap after
Heap after GC invocations=9 (full 1):
 PSYoungGen      total 64000K, used 0K [0x00000000edd00000, 0x00000000f6a00000, 0x0000000100000000)
  eden space 54272K, 0% used [0x00000000edd00000,0x00000000edd00000,0x00000000f1200000)
  from space 9728K, 0% used [0x00000000f1f80000,0x00000000f1f80000,0x00000000f2900000)
  to   space 13824K, 0% used [0x00000000f1200000,0x00000000f1200000,0x00000000f1f80000)
 ParOldGen       total 49152K, used 21723K [0x00000000c9600000, 0x00000000cc600000, 0x00000000edd00000)
  object space 49152K, 44% used [0x00000000c9600000,0x00000000cab36f20,0x00000000cc600000)
 Metaspace       used 20708K, capacity 21050K, committed 21248K, reserved 1069056K
  class space    used 2402K, capacity 2549K, committed 2560K, reserved 1048576K
}
Event: 28.311 GC heap before
{Heap before GC invocations=10 (full 1):
 PSYoungGen      total 64000K, used 54272K [0x00000000edd00000, 0x00000000f6a00000, 0x0000000100000000)
  eden space 54272K, 100% used [0x00000000edd00000,0x00000000f1200000,0x00000000f1200000)
  from space 9728K, 0% used [0x00000000f1f80000,0x00000000f1f80000,0x00000000f2900000)
  to   space 13824K, 0% used [0x00000000f1200000,0x00000000f1200000,0x00000000f1f80000)
 ParOldGen       total 49152K, used 21723K [0x00000000c9600000, 0x00000000cc600000, 0x00000000edd00000)
  object space 49152K, 44% used [0x00000000c9600000,0x00000000cab36f20,0x00000000cc600000)
 Metaspace       used 22572K, capacity 23120K, committed 23552K, reserved 1071104K
  class space    used 2563K, capacity 2722K, committed 2816K, reserved 1048576K
Event: 28.317 GC heap after
Heap after GC invocations=10 (full 1):
 PSYoungGen      total 68096K, used 3380K [0x00000000edd00000, 0x00000000f3d80000, 0x0000000100000000)
  eden space 54272K, 0% used [0x00000000edd00000,0x00000000edd00000,0x00000000f1200000)
  from space 13824K, 24% used [0x00000000f1200000,0x00000000f154d048,0x00000000f1f80000)
  to   space 13312K, 0% used [0x00000000f3080000,0x00000000f3080000,0x00000000f3d80000)
 ParOldGen       total 49152K, used 21731K [0x00000000c9600000, 0x00000000cc600000, 0x00000000edd00000)
  object space 49152K, 44% used [0x00000000c9600000,0x00000000cab38f20,0x00000000cc600000)
 Metaspace       used 22572K, capacity 23120K, committed 23552K, reserved 1071104K
  class space    used 2563K, capacity 2722K, committed 2816K, reserved 1048576K
}
Event: 30.298 GC heap before
{Heap before GC invocations=11 (full 1):
 PSYoungGen      total 68096K, used 57631K [0x00000000edd00000, 0x00000000f3d80000, 0x0000000100000000)
  eden space 54272K, 99% used [0x00000000edd00000,0x00000000f11face0,0x00000000f1200000)
  from space 13824K, 24% used [0x00000000f1200000,0x00000000f154d048,0x00000000f1f80000)
  to   space 13312K, 0% used [0x00000000f3080000,0x00000000f3080000,0x00000000f3d80000)
 ParOldGen       total 49152K, used 21731K [0x00000000c9600000, 0x00000000cc600000, 0x00000000edd00000)
  object space 49152K, 44% used [0x00000000c9600000,0x00000000cab38f20,0x00000000cc600000)
 Metaspace       used 27220K, capacity 27816K, committed 28032K, reserved 1073152K
  class space    used 3142K, capacity 3354K, committed 3456K, reserved 1048576K
Event: 30.308 GC heap after
Heap after GC invocations=11 (full 1):
 PSYoungGen      total 82432K, used 6174K [0x00000000edd00000, 0x00000000f3b80000, 0x0000000100000000)
  eden space 71168K, 0% used [0x00000000edd00000,0x00000000edd00000,0x00000000f2280000)
  from space 11264K, 54% used [0x00000000f3080000,0x00000000f3687980,0x00000000f3b80000)
  to   space 12800K, 0% used [0x00000000f2280000,0x00000000f2280000,0x00000000f2f00000)
 ParOldGen       total 49152K, used 21731K [0x00000000c9600000, 0x00000000cc600000, 0x00000000edd00000)
  object space 49152K, 44% used [0x00000000c9600000,0x00000000cab38f20,0x00000000cc600000)
 Metaspace       used 27220K, capacity 27816K, committed 28032K, reserved 1073152K
  class space    used 3142K, capacity 3354K, committed 3456K, reserved 1048576K
}
Event: 34.072 GC heap before
{Heap before GC invocations=12 (full 1):
 PSYoungGen      total 82432K, used 77342K [0x00000000edd00000, 0x00000000f3b80000, 0x0000000100000000)
  eden space 71168K, 100% used [0x00000000edd00000,0x00000000f2280000,0x00000000f2280000)
  from space 11264K, 54% used [0x00000000f3080000,0x00000000f3687980,0x00000000f3b80000)
  to   space 12800K, 0% used [0x00000000f2280000,0x00000000f2280000,0x00000000f2f00000)
 ParOldGen       total 49152K, used 21731K [0x00000000c9600000, 0x00000000cc600000, 0x00000000edd00000)
  object space 49152K, 44% used [0x00000000c9600000,0x00000000cab38f20,0x00000000cc600000)
 Metaspace       used 28364K, capacity 29100K, committed 29440K, reserved 1075200K
  class space    used 3227K, capacity 3462K, committed 3584K, reserved 1048576K
Event: 34.094 GC heap after
Heap after GC invocations=12 (full 1):
 PSYoungGen      total 83968K, used 12782K [0x00000000edd00000, 0x00000000f5680000, 0x0000000100000000)
  eden space 71168K, 0% used [0x00000000edd00000,0x00000000edd00000,0x00000000f2280000)
  from space 12800K, 99% used [0x00000000f2280000,0x00000000f2efb810,0x00000000f2f00000)
  to   space 15872K, 0% used [0x00000000f4700000,0x00000000f4700000,0x00000000f5680000)
 ParOldGen       total 49152K, used 25363K [0x00000000c9600000, 0x00000000cc600000, 0x00000000edd00000)
  object space 49152K, 51% used [0x00000000c9600000,0x00000000caec4f28,0x00000000cc600000)
 Metaspace       used 28364K, capacity 29100K, committed 29440K, reserved 1075200K
  class space    used 3227K, capacity 3462K, committed 3584K, reserved 1048576K
}
Event: 34.991 GC heap before
{Heap before GC invocations=13 (full 1):
 PSYoungGen      total 83968K, used 83950K [0x00000000edd00000, 0x00000000f5680000, 0x0000000100000000)
  eden space 71168K, 100% used [0x00000000edd00000,0x00000000f2280000,0x00000000f2280000)
  from space 12800K, 99% used [0x00000000f2280000,0x00000000f2efb810,0x00000000f2f00000)
  to   space 15872K, 0% used [0x00000000f4700000,0x00000000f4700000,0x00000000f5680000)
 ParOldGen       total 49152K, used 25363K [0x00000000c9600000, 0x00000000cc600000, 0x00000000edd00000)
  object space 49152K, 51% used [0x00000000c9600000,0x00000000caec4f28,0x00000000cc600000)
 Metaspace       used 30004K, capacity 30800K, committed 31104K, reserved 1077248K
  class space    used 3416K, capacity 3644K, committed 3712K, reserved 1048576K
Event: 35.018 GC heap after
Heap after GC invocations=13 (full 1):
 PSYoungGen      total 108544K, used 2493K [0x00000000edd00000, 0x00000000f5c00000, 0x0000000100000000)
  eden space 92672K, 0% used [0x00000000edd00000,0x00000000edd00000,0x00000000f3780000)
  from space 15872K, 15% used [0x00000000f4700000,0x00000000f496f658,0x00000000f5680000)
  to   space 15872K, 0% used [0x00000000f3780000,0x00000000f3780000,0x00000000f4700000)
 ParOldGen       total 49152K, used 38169K [0x00000000c9600000, 0x00000000cc600000, 0x00000000edd00000)
  object space 49152K, 77% used [0x00000000c9600000,0x00000000cbb46478,0x00000000cc600000)
 Metaspace       used 30004K, capacity 30800K, committed 31104K, reserved 1077248K
  class space    used 3416K, capacity 3644K, committed 3712K, reserved 1048576K
}
Event: 38.730 GC heap before
{Heap before GC invocations=14 (full 1):
 PSYoungGen      total 108544K, used 95165K [0x00000000edd00000, 0x00000000f5c00000, 0x0000000100000000)
  eden space 92672K, 100% used [0x00000000edd00000,0x00000000f3780000,0x00000000f3780000)
  from space 15872K, 15% used [0x00000000f4700000,0x00000000f496f658,0x00000000f5680000)
  to   space 15872K, 0% used [0x00000000f3780000,0x00000000f3780000,0x00000000f4700000)
 ParOldGen       total 49152K, used 38169K [0x00000000c9600000, 0x00000000cc600000, 0x00000000edd00000)
  object space 49152K, 77% used [0x00000000c9600000,0x00000000cbb46478,0x00000000cc600000)
 Metaspace       used 31495K, capacity 32424K, committed 32512K, reserved 1077248K
  class space    used 3523K, capacity 3776K, committed 3840K, reserved 1048576K

