# JRE version: OpenJDK Runtime Environment (8.0_171-b11) (build 1.8.0_171-8u171-b11-0ubuntu0.16.04.1-b11)
# Java VM: OpenJDK 64-Bit Server VM (25.171-b11 mixed mode linux-amd64 compressed oops)
Heap:
 PSYoungGen      total 31744K, used 2032K [0x00000000edd00000, 0x00000000efe00000, 0x0000000100000000)
  eden space 29696K, 0% used [0x00000000edd00000,0x00000000edd00000,0x00000000efa00000)
  from space 2048K, 99% used [0x00000000efa00000,0x00000000efbfc010,0x00000000efc00000)
  to   space 2048K, 0% used [0x00000000efc00000,0x00000000efc00000,0x00000000efe00000)
 ParOldGen       total 38400K, used 10226K [0x00000000c9600000, 0x00000000cbb80000, 0x00000000edd00000)
  object space 38400K, 26% used [0x00000000c9600000,0x00000000c9ffc920,0x00000000cbb80000)
 Metaspace       used 14283K, capacity 14480K, committed 14720K, reserved 1062912K
  class space    used 1731K, capacity 1808K, committed 1920K, reserved 1048576K
GC Heap History (9 events):
Event: 2.786 GC heap before
{Heap before GC invocations=1 (full 0):
 PSYoungGen      total 16896K, used 14848K [0x00000000edd00000, 0x00000000eef80000, 0x0000000100000000)
  eden space 14848K, 100% used [0x00000000edd00000,0x00000000eeb80000,0x00000000eeb80000)
  from space 2048K, 0% used [0x00000000eed80000,0x00000000eed80000,0x00000000eef80000)
  to   space 2048K, 0% used [0x00000000eeb80000,0x00000000eeb80000,0x00000000eed80000)
 ParOldGen       total 38400K, used 0K [0x00000000c9600000, 0x00000000cbb80000, 0x00000000edd00000)
  object space 38400K, 0% used [0x00000000c9600000,0x00000000c9600000,0x00000000cbb80000)
 Metaspace       used 6485K, capacity 6604K, committed 6656K, reserved 1056768K
  class space    used 712K, capacity 760K, committed 768K, reserved 1048576K
Event: 2.791 GC heap after
Heap after GC invocations=1 (full 0):
 PSYoungGen      total 16896K, used 2045K [0x00000000edd00000, 0x00000000eef80000, 0x0000000100000000)
  eden space 14848K, 0% used [0x00000000edd00000,0x00000000edd00000,0x00000000eeb80000)
  from space 2048K, 99% used [0x00000000eeb80000,0x00000000eed7f668,0x00000000eed80000)
  to   space 2048K, 0% used [0x00000000eed80000,0x00000000eed80000,0x00000000eef80000)
 ParOldGen       total 38400K, used 1117K [0x00000000c9600000, 0x00000000cbb80000, 0x00000000edd00000)
  object space 38400K, 2% used [0x00000000c9600000,0x00000000c97174e8,0x00000000cbb80000)
 Metaspace       used 6485K, capacity 6604K, committed 6656K, reserved 1056768K
  class space    used 712K, capacity 760K, committed 768K, reserved 1048576K
}
Event: 3.196 GC heap before
{Heap before GC invocations=2 (full 0):
 PSYoungGen      total 16896K, used 16893K [0x00000000edd00000, 0x00000000eef80000, 0x0000000100000000)
  eden space 14848K, 100% used [0x00000000edd00000,0x00000000eeb80000,0x00000000eeb80000)
  from space 2048K, 99% used [0x00000000eeb80000,0x00000000eed7f668,0x00000000eed80000)
  to   space 2048K, 0% used [0x00000000eed80000,0x00000000eed80000,0x00000000eef80000)
 ParOldGen       total 38400K, used 1117K [0x00000000c9600000, 0x00000000cbb80000, 0x00000000edd00000)
  object space 38400K, 2% used [0x00000000c9600000,0x00000000c97174e8,0x00000000cbb80000)
 Metaspace       used 7887K, capacity 7996K, committed 8192K, reserved 1056768K
  class space    used 928K, capacity 984K, committed 1024K, reserved 1048576K
Event: 3.208 GC heap after
Heap after GC invocations=2 (full 0):
 PSYoungGen      total 16896K, used 2023K [0x00000000edd00000, 0x00000000efe00000, 0x0000000100000000)
  eden space 14848K, 0% used [0x00000000edd00000,0x00000000edd00000,0x00000000eeb80000)
  from space 2048K, 98% used [0x00000000eed80000,0x00000000eef79c88,0x00000000eef80000)
  to   space 2048K, 0% used [0x00000000eeb80000,0x00000000eeb80000,0x00000000eed80000)
 ParOldGen       total 38400K, used 2003K [0x00000000c9600000, 0x00000000cbb80000, 0x00000000edd00000)
  object space 38400K, 5% used [0x00000000c9600000,0x00000000c97f4d48,0x00000000cbb80000)
 Metaspace       used 7887K, capacity 7996K, committed 8192K, reserved 1056768K
  class space    used 928K, capacity 984K, committed 1024K, reserved 1048576K
}
Event: 3.475 GC heap before
{Heap before GC invocations=3 (full 0):
 PSYoungGen      total 16896K, used 16871K [0x00000000edd00000, 0x00000000efe00000, 0x0000000100000000)
  eden space 14848K, 100% used [0x00000000edd00000,0x00000000eeb80000,0x00000000eeb80000)
  from space 2048K, 98% used [0x00000000eed80000,0x00000000eef79c88,0x00000000eef80000)
  to   space 2048K, 0% used [0x00000000eeb80000,0x00000000eeb80000,0x00000000eed80000)
 ParOldGen       total 38400K, used 2003K [0x00000000c9600000, 0x00000000cbb80000, 0x00000000edd00000)
  object space 38400K, 5% used [0x00000000c9600000,0x00000000c97f4d48,0x00000000cbb80000)
 Metaspace       used 8920K, capacity 9096K, committed 9344K, reserved 1056768K
  class space    used 1053K, capacity 1114K, committed 1152K, reserved 1048576K
Event: 3.479 GC heap after
Heap after GC invocations=3 (full 0):
 PSYoungGen      total 16896K, used 2016K [0x00000000edd00000, 0x00000000efe00000, 0x0000000100000000)
  eden space 14848K, 0% used [0x00000000edd00000,0x00000000edd00000,0x00000000eeb80000)
  from space 2048K, 98% used [0x00000000eeb80000,0x00000000eed78020,0x00000000eed80000)
  to   space 2048K, 0% used [0x00000000efc00000,0x00000000efc00000,0x00000000efe00000)
 ParOldGen       total 38400K, used 3598K [0x00000000c9600000, 0x00000000cbb80000, 0x00000000edd00000)
  object space 38400K, 9% used [0x00000000c9600000,0x00000000c9983b48,0x00000000cbb80000)
 Metaspace       used 8920K, capacity 9096K, committed 9344K, reserved 1056768K
  class space    used 1053K, capacity 1114K, committed 1152K, reserved 1048576K
}
Event: 3.904 GC heap before
{Heap before GC invocations=4 (full 0):
 PSYoungGen      total 16896K, used 16864K [0x00000000edd00000, 0x00000000efe00000, 0x0000000100000000)
  eden space 14848K, 100% used [0x00000000edd00000,0x00000000eeb80000,0x00000000eeb80000)
  from space 2048K, 98% used [0x00000000eeb80000,0x00000000eed78020,0x00000000eed80000)
  to   space 2048K, 0% used [0x00000000efc00000,0x00000000efc00000,0x00000000efe00000)
 ParOldGen       total 38400K, used 3598K [0x00000000c9600000, 0x00000000cbb80000, 0x00000000edd00000)
  object space 38400K, 9% used [0x00000000c9600000,0x00000000c9983b48,0x00000000cbb80000)
 Metaspace       used 10561K, capacity 10788K, committed 10880K, reserved 1058816K
  class space    used 1267K, capacity 1380K, committed 1408K, reserved 1048576K
Event: 3.909 GC heap after
Heap after GC invocations=4 (full 0):
 PSYoungGen      total 31744K, used 2048K [0x00000000edd00000, 0x00000000efe00000, 0x0000000100000000)
  eden space 29696K, 0% used [0x00000000edd00000,0x00000000edd00000,0x00000000efa00000)
  from space 2048K, 100% used [0x00000000efc00000,0x00000000efe00000,0x00000000efe00000)
  to   space 2048K, 0% used [0x00000000efa00000,0x00000000efa00000,0x00000000efc00000)
 ParOldGen       total 38400K, used 5660K [0x00000000c9600000, 0x00000000cbb80000, 0x00000000edd00000)
  object space 38400K, 14% used [0x00000000c9600000,0x00000000c9b87048,0x00000000cbb80000)
 Metaspace       used 10561K, capacity 10788K, committed 10880K, reserved 1058816K
  class space    used 1267K, capacity 1380K, committed 1408K, reserved 1048576K
}
Event: 80.585 GC heap before
{Heap before GC invocations=5 (full 0):
 PSYoungGen      total 31744K, used 31744K [0x00000000edd00000, 0x00000000efe00000, 0x0000000100000000)
  eden space 29696K, 100% used [0x00000000edd00000,0x00000000efa00000,0x00000000efa00000)
  from space 2048K, 100% used [0x00000000efc00000,0x00000000efe00000,0x00000000efe00000)
  to   space 2048K, 0% used [0x00000000efa00000,0x00000000efa00000,0x00000000efc00000)
 ParOldGen       total 38400K, used 5660K [0x00000000c9600000, 0x00000000cbb80000, 0x00000000edd00000)
  object space 38400K, 14% used [0x00000000c9600000,0x00000000c9b87048,0x00000000cbb80000)
 Metaspace       used 14283K, capacity 14480K, committed 14720K, reserved 1062912K
  class space    used 1731K, capacity 1808K, committed 1920K, reserved 1048576K

